time="2023-04-21T20:52:09+03:00" level=info msg="Starting Gateway..." func="gateway/internal/app.Run()" file="app.go:21"
time="2023-04-21T20:52:09+03:00" level=info msg="Starting server on port 8080..." func="gateway/internal/app.Run()" file="app.go:44"
time="2023-04-21T20:52:09+03:00" level=info msg="Gateway successfully started" func="gateway/internal/app.Run()" file="app.go:74"
time="2023-04-21T20:55:26+03:00" level=info msg="Gateway server shutting down" func="gateway/internal/app.Run()" file="app.go:80"
time="2023-04-21T20:55:26+03:00" level=error msg="error occured while running http server: http: Server closed" func="gateway/internal/app.Run.func1()" file="app.go:70"
time="2023-04-21T20:55:28+03:00" level=info msg="Starting Gateway..." func="gateway/internal/app.Run()" file="app.go:21"
time="2023-04-21T20:55:28+03:00" level=info msg="Starting server on port 8080..." func="gateway/internal/app.Run()" file="app.go:44"
time="2023-04-21T20:55:28+03:00" level=info msg="Gateway successfully started" func="gateway/internal/app.Run()" file="app.go:74"
time="2023-04-21T20:55:58+03:00" level=info msg="Gateway server shutting down" func="gateway/internal/app.Run()" file="app.go:80"
time="2023-04-21T20:55:58+03:00" level=error msg="error occured while running http server: http: Server closed" func="gateway/internal/app.Run.func1()" file="app.go:70"
time="2023-04-21T20:56:00+03:00" level=info msg="Starting Gateway..." func="gateway/internal/app.Run()" file="app.go:21"
time="2023-04-21T20:56:00+03:00" level=info msg="Starting server on port 8080..." func="gateway/internal/app.Run()" file="app.go:44"
time="2023-04-21T20:56:00+03:00" level=info msg="Gateway successfully started" func="gateway/internal/app.Run()" file="app.go:74"
time="2023-04-21T20:57:21+03:00" level=info msg="Gateway server shutting down" func="gateway/internal/app.Run()" file="app.go:80"
time="2023-04-21T20:57:21+03:00" level=error msg="error occured while running http server: http: Server closed" func="gateway/internal/app.Run.func1()" file="app.go:70"
time="2023-04-21T20:57:22+03:00" level=info msg="Starting Gateway..." func="gateway/internal/app.Run()" file="app.go:21"
time="2023-04-21T20:57:22+03:00" level=info msg="Starting server on port 8080..." func="gateway/internal/app.Run()" file="app.go:44"
time="2023-04-21T20:57:22+03:00" level=info msg="Gateway successfully started" func="gateway/internal/app.Run()" file="app.go:74"
time="2023-04-21T20:57:39+03:00" level=info msg="Gateway server shutting down" func="gateway/internal/app.Run()" file="app.go:80"
time="2023-04-21T20:57:40+03:00" level=info msg="Starting Gateway..." func="gateway/internal/app.Run()" file="app.go:21"
time="2023-04-21T20:57:40+03:00" level=info msg="Starting server on port 8080..." func="gateway/internal/app.Run()" file="app.go:44"
time="2023-04-21T20:57:40+03:00" level=info msg="Gateway successfully started" func="gateway/internal/app.Run()" file="app.go:74"
time="2023-04-21T20:57:57+03:00" level=info msg="Gateway server shutting down" func="gateway/internal/app.Run()" file="app.go:80"
time="2023-04-21T20:57:57+03:00" level=error msg="error occured while running http server: http: Server closed" func="gateway/internal/app.Run.func1()" file="app.go:70"
time="2023-04-21T20:57:58+03:00" level=info msg="Starting Gateway..." func="gateway/internal/app.Run()" file="app.go:21"
time="2023-04-21T20:57:58+03:00" level=info msg="Starting server on port 8080..." func="gateway/internal/app.Run()" file="app.go:44"
time="2023-04-21T20:57:58+03:00" level=info msg="Gateway successfully started" func="gateway/internal/app.Run()" file="app.go:74"
time="2023-04-21T20:58:20+03:00" level=info msg="Gateway server shutting down" func="gateway/internal/app.Run()" file="app.go:80"
time="2023-04-21T20:58:22+03:00" level=info msg="Starting Gateway..." func="gateway/internal/app.Run()" file="app.go:21"
time="2023-04-21T20:58:22+03:00" level=info msg="Starting server on port 8080..." func="gateway/internal/app.Run()" file="app.go:44"
time="2023-04-21T20:58:22+03:00" level=info msg="Gateway successfully started" func="gateway/internal/app.Run()" file="app.go:74"
time="2023-04-21T20:58:55+03:00" level=info msg="Gateway server shutting down" func="gateway/internal/app.Run()" file="app.go:80"
time="2023-04-21T20:58:55+03:00" level=error msg="error occured while running http server: http: Server closed" func="gateway/internal/app.Run.func1()" file="app.go:70"
time="2023-04-21T20:58:56+03:00" level=info msg="Starting Gateway..." func="gateway/internal/app.Run()" file="app.go:21"
time="2023-04-21T20:58:56+03:00" level=info msg="Starting server on port 8080..." func="gateway/internal/app.Run()" file="app.go:44"
time="2023-04-21T20:58:56+03:00" level=info msg="Gateway successfully started" func="gateway/internal/app.Run()" file="app.go:74"
time="2023-04-21T20:59:09+03:00" level=info msg="Gateway server shutting down" func="gateway/internal/app.Run()" file="app.go:80"
time="2023-04-21T20:59:10+03:00" level=info msg="Starting Gateway..." func="gateway/internal/app.Run()" file="app.go:21"
time="2023-04-21T20:59:10+03:00" level=info msg="Starting server on port 8080..." func="gateway/internal/app.Run()" file="app.go:44"
time="2023-04-21T20:59:10+03:00" level=info msg="Gateway successfully started" func="gateway/internal/app.Run()" file="app.go:74"
time="2023-04-21T20:59:23+03:00" level=info msg="Gateway server shutting down" func="gateway/internal/app.Run()" file="app.go:80"
time="2023-04-21T20:59:23+03:00" level=error msg="error occured while running http server: http: Server closed" func="gateway/internal/app.Run.func1()" file="app.go:70"
time="2023-04-21T20:59:24+03:00" level=info msg="Starting Gateway..." func="gateway/internal/app.Run()" file="app.go:21"
time="2023-04-21T20:59:24+03:00" level=info msg="Starting server on port 8080..." func="gateway/internal/app.Run()" file="app.go:44"
time="2023-04-21T20:59:24+03:00" level=info msg="Gateway successfully started" func="gateway/internal/app.Run()" file="app.go:74"
time="2023-04-21T21:00:01+03:00" level=info msg="Gateway server shutting down" func="gateway/internal/app.Run()" file="app.go:80"
time="2023-04-21T21:00:02+03:00" level=info msg="Starting Gateway..." func="gateway/internal/app.Run()" file="app.go:21"
time="2023-04-21T21:00:02+03:00" level=info msg="Starting server on port 8080..." func="gateway/internal/app.Run()" file="app.go:44"
time="2023-04-21T21:00:02+03:00" level=info msg="Gateway successfully started" func="gateway/internal/app.Run()" file="app.go:74"
time="2023-04-21T21:00:19+03:00" level=info msg="Gateway server shutting down" func="gateway/internal/app.Run()" file="app.go:80"
time="2023-04-21T21:00:21+03:00" level=info msg="Starting Gateway..." func="gateway/internal/app.Run()" file="app.go:21"
time="2023-04-21T21:00:21+03:00" level=info msg="Starting server on port 8080..." func="gateway/internal/app.Run()" file="app.go:44"
time="2023-04-21T21:00:21+03:00" level=info msg="Gateway successfully started" func="gateway/internal/app.Run()" file="app.go:74"
time="2023-04-21T21:08:07+03:00" level=info msg="Gateway server shutting down" func="gateway/internal/app.Run()" file="app.go:80"
time="2023-04-21T21:08:07+03:00" level=error msg="error occured while running http server: http: Server closed" func="gateway/internal/app.Run.func1()" file="app.go:70"
time="2023-04-21T21:08:09+03:00" level=info msg="Starting Gateway..." func="gateway/internal/app.Run()" file="app.go:21"
time="2023-04-21T21:08:09+03:00" level=fatal msg="error parsing data.json: error occured validating: json: cannot unmarshal object into Go struct field Requests.requests.expected_proxy_status_codes of type string" func="gateway/internal/app.Run()" file="app.go:32"
time="2023-04-21T21:08:45+03:00" level=info msg="Starting Gateway..." func="gateway/internal/app.Run()" file="app.go:21"
time="2023-04-21T21:08:45+03:00" level=fatal msg="error parsing data.json: error occured validating: json: cannot unmarshal object into Go struct field Requests.requests.expected_proxy_status_codes of type string" func="gateway/internal/app.Run()" file="app.go:32"
time="2023-04-21T21:10:31+03:00" level=info msg="Starting Gateway..." func="gateway/internal/app.Run()" file="app.go:21"
time="2023-04-21T21:10:31+03:00" level=info msg="Starting server on port 8080..." func="gateway/internal/app.Run()" file="app.go:45"
time="2023-04-21T21:10:31+03:00" level=info msg="Gateway successfully started" func="gateway/internal/app.Run()" file="app.go:75"
time="2023-04-21T21:11:18+03:00" level=info msg="Gateway server shutting down" func="gateway/internal/app.Run()" file="app.go:81"
time="2023-04-21T21:11:24+03:00" level=info msg="Starting Gateway..." func="gateway/internal/app.Run()" file="app.go:21"
time="2023-04-21T21:11:24+03:00" level=info msg="Starting server on port 8080..." func="gateway/internal/app.Run()" file="app.go:45"
time="2023-04-21T21:11:24+03:00" level=info msg="Gateway successfully started" func="gateway/internal/app.Run()" file="app.go:75"
time="2023-04-21T21:15:38+03:00" level=info msg="Gateway server shutting down" func="gateway/internal/app.Run()" file="app.go:81"
time="2023-04-21T21:15:43+03:00" level=info msg="Starting Gateway..." func="gateway/internal/app.Run()" file="app.go:21"
time="2023-04-21T21:15:43+03:00" level=info msg="Starting server on port 8080..." func="gateway/internal/app.Run()" file="app.go:45"
time="2023-04-21T21:15:43+03:00" level=info msg="Gateway successfully started" func="gateway/internal/app.Run()" file="app.go:75"
time="2023-04-21T21:16:34+03:00" level=info msg="Gateway server shutting down" func="gateway/internal/app.Run()" file="app.go:81"
time="2023-04-21T21:16:34+03:00" level=error msg="error occured while running http server: http: Server closed" func="gateway/internal/app.Run.func1()" file="app.go:71"
time="2023-04-21T21:16:36+03:00" level=info msg="Starting Gateway..." func="gateway/internal/app.Run()" file="app.go:21"
time="2023-04-21T21:16:36+03:00" level=info msg="Starting server on port 8080..." func="gateway/internal/app.Run()" file="app.go:45"
time="2023-04-21T21:16:36+03:00" level=info msg="Gateway successfully started" func="gateway/internal/app.Run()" file="app.go:75"
time="2023-04-21T21:16:46+03:00" level=info msg="Gateway server shutting down" func="gateway/internal/app.Run()" file="app.go:81"
time="2023-04-21T21:16:46+03:00" level=error msg="error occured while running http server: http: Server closed" func="gateway/internal/app.Run.func1()" file="app.go:71"
time="2023-04-21T21:16:47+03:00" level=info msg="Starting Gateway..." func="gateway/internal/app.Run()" file="app.go:21"
time="2023-04-21T21:16:47+03:00" level=info msg="Starting server on port 8080..." func="gateway/internal/app.Run()" file="app.go:45"
time="2023-04-21T21:16:47+03:00" level=info msg="Gateway successfully started" func="gateway/internal/app.Run()" file="app.go:75"
time="2023-04-21T21:16:55+03:00" level=info msg="Gateway server shutting down" func="gateway/internal/app.Run()" file="app.go:81"
time="2023-04-21T21:16:55+03:00" level=error msg="error occured while running http server: http: Server closed" func="gateway/internal/app.Run.func1()" file="app.go:71"
time="2023-04-21T21:16:56+03:00" level=info msg="Starting Gateway..." func="gateway/internal/app.Run()" file="app.go:21"
time="2023-04-21T21:16:56+03:00" level=info msg="Starting server on port 8080..." func="gateway/internal/app.Run()" file="app.go:45"
time="2023-04-21T21:16:56+03:00" level=info msg="Gateway successfully started" func="gateway/internal/app.Run()" file="app.go:75"
time="2023-04-21T21:17:33+03:00" level=info msg="Gateway server shutting down" func="gateway/internal/app.Run()" file="app.go:81"
time="2023-04-21T21:17:33+03:00" level=error msg="error occured while running http server: http: Server closed" func="gateway/internal/app.Run.func1()" file="app.go:71"
time="2023-04-21T21:17:35+03:00" level=info msg="Starting Gateway..." func="gateway/internal/app.Run()" file="app.go:21"
time="2023-04-21T21:17:35+03:00" level=info msg="Starting server on port 8080..." func="gateway/internal/app.Run()" file="app.go:45"
time="2023-04-21T21:17:35+03:00" level=info msg="Gateway successfully started" func="gateway/internal/app.Run()" file="app.go:75"
time="2023-04-21T21:17:55+03:00" level=info msg="Gateway server shutting down" func="gateway/internal/app.Run()" file="app.go:81"
time="2023-04-21T21:17:55+03:00" level=error msg="error occured while running http server: http: Server closed" func="gateway/internal/app.Run.func1()" file="app.go:71"
time="2023-04-21T21:17:57+03:00" level=info msg="Starting Gateway..." func="gateway/internal/app.Run()" file="app.go:21"
time="2023-04-21T21:17:57+03:00" level=info msg="Starting server on port 8080..." func="gateway/internal/app.Run()" file="app.go:45"
time="2023-04-21T21:17:57+03:00" level=info msg="Gateway successfully started" func="gateway/internal/app.Run()" file="app.go:75"
time="2023-04-21T21:18:04+03:00" level=info msg="Gateway server shutting down" func="gateway/internal/app.Run()" file="app.go:81"
time="2023-04-21T21:18:04+03:00" level=error msg="error occured while running http server: http: Server closed" func="gateway/internal/app.Run.func1()" file="app.go:71"
time="2023-04-21T21:18:05+03:00" level=info msg="Starting Gateway..." func="gateway/internal/app.Run()" file="app.go:21"
time="2023-04-21T21:18:05+03:00" level=info msg="Starting server on port 8080..." func="gateway/internal/app.Run()" file="app.go:45"
time="2023-04-21T21:18:05+03:00" level=info msg="Gateway successfully started" func="gateway/internal/app.Run()" file="app.go:75"
time="2023-04-21T21:18:19+03:00" level=info msg="Gateway server shutting down" func="gateway/internal/app.Run()" file="app.go:81"
time="2023-04-21T21:18:19+03:00" level=error msg="error occured while running http server: http: Server closed" func="gateway/internal/app.Run.func1()" file="app.go:71"
time="2023-04-21T21:18:21+03:00" level=info msg="Starting Gateway..." func="gateway/internal/app.Run()" file="app.go:21"
time="2023-04-21T21:18:21+03:00" level=info msg="Starting server on port 8080..." func="gateway/internal/app.Run()" file="app.go:45"
time="2023-04-21T21:18:21+03:00" level=info msg="Gateway successfully started" func="gateway/internal/app.Run()" file="app.go:75"
time="2023-04-21T21:18:45+03:00" level=info msg="Gateway server shutting down" func="gateway/internal/app.Run()" file="app.go:81"
time="2023-04-21T21:18:45+03:00" level=error msg="error occured while running http server: http: Server closed" func="gateway/internal/app.Run.func1()" file="app.go:71"
time="2023-04-21T21:18:47+03:00" level=info msg="Starting Gateway..." func="gateway/internal/app.Run()" file="app.go:21"
time="2023-04-21T21:18:47+03:00" level=info msg="Starting server on port 8080..." func="gateway/internal/app.Run()" file="app.go:45"
time="2023-04-21T21:18:47+03:00" level=info msg="Gateway successfully started" func="gateway/internal/app.Run()" file="app.go:75"
time="2023-04-21T21:19:09+03:00" level=info msg="Gateway server shutting down" func="gateway/internal/app.Run()" file="app.go:81"
time="2023-04-21T21:19:11+03:00" level=info msg="Starting Gateway..." func="gateway/internal/app.Run()" file="app.go:21"
time="2023-04-21T21:19:11+03:00" level=info msg="Starting server on port 8080..." func="gateway/internal/app.Run()" file="app.go:45"
time="2023-04-21T21:19:11+03:00" level=info msg="Gateway successfully started" func="gateway/internal/app.Run()" file="app.go:75"
time="2023-04-21T21:19:27+03:00" level=info msg="Gateway server shutting down" func="gateway/internal/app.Run()" file="app.go:81"
time="2023-04-21T21:19:27+03:00" level=error msg="error occured while running http server: http: Server closed" func="gateway/internal/app.Run.func1()" file="app.go:71"
time="2023-04-21T21:19:29+03:00" level=info msg="Starting Gateway..." func="gateway/internal/app.Run()" file="app.go:21"
time="2023-04-21T21:19:29+03:00" level=info msg="Starting server on port 8080..." func="gateway/internal/app.Run()" file="app.go:46"
time="2023-04-21T21:19:29+03:00" level=info msg="Gateway successfully started" func="gateway/internal/app.Run()" file="app.go:76"
time="2023-04-21T21:19:46+03:00" level=info msg="Gateway server shutting down" func="gateway/internal/app.Run()" file="app.go:82"
time="2023-04-21T21:19:48+03:00" level=info msg="Starting Gateway..." func="gateway/internal/app.Run()" file="app.go:21"
time="2023-04-21T21:19:48+03:00" level=info msg="Starting server on port 8080..." func="gateway/internal/app.Run()" file="app.go:45"
time="2023-04-21T21:19:48+03:00" level=info msg="Gateway successfully started" func="gateway/internal/app.Run()" file="app.go:75"
time="2023-04-21T21:20:30+03:00" level=info msg="Gateway server shutting down" func="gateway/internal/app.Run()" file="app.go:81"
time="2023-04-21T21:20:32+03:00" level=info msg="Starting Gateway..." func="gateway/internal/app.Run()" file="app.go:21"
time="2023-04-21T21:20:32+03:00" level=info msg="Starting server on port 8080..." func="gateway/internal/app.Run()" file="app.go:45"
time="2023-04-21T21:20:32+03:00" level=info msg="Gateway successfully started" func="gateway/internal/app.Run()" file="app.go:75"
time="2023-04-21T21:20:43+03:00" level=info msg="Gateway server shutting down" func="gateway/internal/app.Run()" file="app.go:81"
time="2023-04-21T21:20:43+03:00" level=error msg="error occured while running http server: http: Server closed" func="gateway/internal/app.Run.func1()" file="app.go:71"
time="2023-04-21T21:20:44+03:00" level=info msg="Starting Gateway..." func="gateway/internal/app.Run()" file="app.go:21"
time="2023-04-21T21:20:44+03:00" level=info msg="Starting server on port 8080..." func="gateway/internal/app.Run()" file="app.go:45"
time="2023-04-21T21:20:44+03:00" level=info msg="Gateway successfully started" func="gateway/internal/app.Run()" file="app.go:75"
time="2023-04-21T21:21:15+03:00" level=info msg="Gateway server shutting down" func="gateway/internal/app.Run()" file="app.go:81"
time="2023-04-21T21:21:16+03:00" level=info msg="Starting Gateway..." func="gateway/internal/app.Run()" file="app.go:21"
time="2023-04-21T21:21:16+03:00" level=info msg="Starting server on port 8080..." func="gateway/internal/app.Run()" file="app.go:45"
time="2023-04-21T21:21:16+03:00" level=info msg="Gateway successfully started" func="gateway/internal/app.Run()" file="app.go:75"
time="2023-04-21T21:21:47+03:00" level=info msg="Gateway server shutting down" func="gateway/internal/app.Run()" file="app.go:81"
time="2023-04-21T21:21:47+03:00" level=error msg="error occured while running http server: http: Server closed" func="gateway/internal/app.Run.func1()" file="app.go:71"
time="2023-04-21T21:21:49+03:00" level=info msg="Starting Gateway..." func="gateway/internal/app.Run()" file="app.go:21"
time="2023-04-21T21:21:49+03:00" level=info msg="Starting server on port 8080..." func="gateway/internal/app.Run()" file="app.go:45"
time="2023-04-21T21:21:49+03:00" level=info msg="Gateway successfully started" func="gateway/internal/app.Run()" file="app.go:75"
time="2023-04-21T21:22:24+03:00" level=info msg="Gateway server shutting down" func="gateway/internal/app.Run()" file="app.go:81"
time="2023-04-21T21:22:24+03:00" level=error msg="error occured while running http server: http: Server closed" func="gateway/internal/app.Run.func1()" file="app.go:71"
time="2023-04-21T21:22:25+03:00" level=info msg="Starting Gateway..." func="gateway/internal/app.Run()" file="app.go:21"
time="2023-04-21T21:22:25+03:00" level=info msg="Starting server on port 8080..." func="gateway/internal/app.Run()" file="app.go:45"
time="2023-04-21T21:22:25+03:00" level=info msg="Gateway successfully started" func="gateway/internal/app.Run()" file="app.go:75"
time="2023-04-21T21:22:34+03:00" level=info msg="Gateway server shutting down" func="gateway/internal/app.Run()" file="app.go:81"
time="2023-04-21T21:22:34+03:00" level=error msg="error occured while running http server: http: Server closed" func="gateway/internal/app.Run.func1()" file="app.go:71"
time="2023-04-21T21:22:35+03:00" level=info msg="Starting Gateway..." func="gateway/internal/app.Run()" file="app.go:21"
time="2023-04-21T21:22:35+03:00" level=info msg="Starting server on port 8080..." func="gateway/internal/app.Run()" file="app.go:45"
time="2023-04-21T21:22:35+03:00" level=info msg="Gateway successfully started" func="gateway/internal/app.Run()" file="app.go:75"
time="2023-04-21T21:24:00+03:00" level=info msg="Gateway server shutting down" func="gateway/internal/app.Run()" file="app.go:81"
time="2023-04-21T21:24:00+03:00" level=error msg="error occured while running http server: http: Server closed" func="gateway/internal/app.Run.func1()" file="app.go:71"
time="2023-04-21T21:24:02+03:00" level=info msg="Starting Gateway..." func="gateway/internal/app.Run()" file="app.go:21"
time="2023-04-21T21:24:02+03:00" level=info msg="Starting server on port 8080..." func="gateway/internal/app.Run()" file="app.go:45"
time="2023-04-21T21:24:02+03:00" level=info msg="Gateway successfully started" func="gateway/internal/app.Run()" file="app.go:75"
time="2023-04-21T21:25:14+03:00" level=info msg="Gateway server shutting down" func="gateway/internal/app.Run()" file="app.go:81"
time="2023-04-21T21:25:16+03:00" level=info msg="Starting Gateway..." func="gateway/internal/app.Run()" file="app.go:21"
time="2023-04-21T21:25:16+03:00" level=info msg="Starting server on port 8080..." func="gateway/internal/app.Run()" file="app.go:45"
time="2023-04-21T21:25:16+03:00" level=info msg="Gateway successfully started" func="gateway/internal/app.Run()" file="app.go:75"
time="2023-04-21T21:48:58+03:00" level=info msg="Gateway server shutting down" func="gateway/internal/app.Run()" file="app.go:81"
time="2023-04-21T21:57:19+03:00" level=info msg="Starting Gateway..." func="gateway/internal/app.Run()" file="app.go:21"
time="2023-04-21T21:57:19+03:00" level=info msg="Starting server on port 8080..." func="gateway/internal/app.Run()" file="app.go:45"
time="2023-04-21T21:57:19+03:00" level=info msg="Gateway successfully started" func="gateway/internal/app.Run()" file="app.go:75"
time="2023-04-21T23:00:16+03:00" level=info msg="Gateway server shutting down" func="gateway/internal/app.Run()" file="app.go:81"
time="2023-04-21T23:00:16+03:00" level=error msg="error occured while running http server: http: Server closed" func="gateway/internal/app.Run.func1()" file="app.go:71"
time="2023-04-21T23:00:17+03:00" level=info msg="Starting Gateway..." func="gateway/internal/app.Run()" file="app.go:21"
time="2023-04-21T23:00:17+03:00" level=info msg="Starting server on port 8080..." func="gateway/internal/app.Run()" file="app.go:45"
time="2023-04-21T23:00:17+03:00" level=info msg="Gateway successfully started" func="gateway/internal/app.Run()" file="app.go:75"
time="2023-04-21T23:09:43+03:00" level=info msg="Gateway server shutting down" func="gateway/internal/app.Run()" file="app.go:81"
time="2023-04-21T23:09:43+03:00" level=error msg="error occured while running http server: http: Server closed" func="gateway/internal/app.Run.func1()" file="app.go:71"
time="2023-04-21T23:09:44+03:00" level=info msg="Starting Gateway..." func="gateway/internal/app.Run()" file="app.go:21"
time="2023-04-21T23:09:44+03:00" level=info msg="Starting server on port 8080..." func="gateway/internal/app.Run()" file="app.go:45"
time="2023-04-21T23:09:44+03:00" level=info msg="Gateway successfully started" func="gateway/internal/app.Run()" file="app.go:75"
time="2023-04-21T23:09:49+03:00" level=info msg="Gateway server shutting down" func="gateway/internal/app.Run()" file="app.go:81"
time="2023-04-21T23:22:44+03:00" level=info msg="Starting Gateway..." func="gateway/internal/app.Run()" file="app.go:21"
time="2023-04-21T23:22:44+03:00" level=info msg="Starting server on port 8080..." func="gateway/internal/app.Run()" file="app.go:46"
time="2023-04-21T23:22:44+03:00" level=info msg="Gateway successfully started" func="gateway/internal/app.Run()" file="app.go:76"
time="2023-04-21T23:23:16+03:00" level=info msg="Gateway server shutting down" func="gateway/internal/app.Run()" file="app.go:82"
time="2023-04-21T23:23:18+03:00" level=info msg="Starting Gateway..." func="gateway/internal/app.Run()" file="app.go:21"
time="2023-04-21T23:23:18+03:00" level=info msg="Starting server on port 8080..." func="gateway/internal/app.Run()" file="app.go:46"
time="2023-04-21T23:23:18+03:00" level=info msg="Gateway successfully started" func="gateway/internal/app.Run()" file="app.go:76"
time="2023-04-21T23:23:28+03:00" level=info msg="Gateway server shutting down" func="gateway/internal/app.Run()" file="app.go:82"
time="2023-04-21T23:23:28+03:00" level=error msg="error occured while running http server: http: Server closed" func="gateway/internal/app.Run.func1()" file="app.go:72"
time="2023-04-21T23:23:32+03:00" level=info msg="Starting Gateway..." func="gateway/internal/app.Run()" file="app.go:21"
time="2023-04-21T23:23:32+03:00" level=info msg="Starting server on port 8080..." func="gateway/internal/app.Run()" file="app.go:46"
time="2023-04-21T23:23:32+03:00" level=info msg="Gateway successfully started" func="gateway/internal/app.Run()" file="app.go:76"
time="2023-04-21T23:23:44+03:00" level=info msg="Gateway server shutting down" func="gateway/internal/app.Run()" file="app.go:82"
time="2023-04-21T23:23:44+03:00" level=error msg="error occured while running http server: http: Server closed" func="gateway/internal/app.Run.func1()" file="app.go:72"
time="2023-04-21T23:23:45+03:00" level=info msg="Starting Gateway..." func="gateway/internal/app.Run()" file="app.go:21"
time="2023-04-21T23:23:45+03:00" level=info msg="Starting server on port 8080..." func="gateway/internal/app.Run()" file="app.go:46"
time="2023-04-21T23:23:45+03:00" level=info msg="Gateway successfully started" func="gateway/internal/app.Run()" file="app.go:76"
time="2023-04-21T23:24:12+03:00" level=info msg="Gateway server shutting down" func="gateway/internal/app.Run()" file="app.go:82"
time="2023-04-21T23:24:13+03:00" level=info msg="Starting Gateway..." func="gateway/internal/app.Run()" file="app.go:21"
time="2023-04-21T23:24:13+03:00" level=info msg="Starting server on port 8080..." func="gateway/internal/app.Run()" file="app.go:46"
time="2023-04-21T23:24:13+03:00" level=info msg="Gateway successfully started" func="gateway/internal/app.Run()" file="app.go:76"
time="2023-04-21T23:25:05+03:00" level=info msg="Gateway server shutting down" func="gateway/internal/app.Run()" file="app.go:82"
time="2023-04-21T23:25:07+03:00" level=info msg="Starting Gateway..." func="gateway/internal/app.Run()" file="app.go:21"
time="2023-04-21T23:25:07+03:00" level=info msg="Starting server on port 8080..." func="gateway/internal/app.Run()" file="app.go:46"
time="2023-04-21T23:25:07+03:00" level=info msg="Gateway successfully started" func="gateway/internal/app.Run()" file="app.go:76"
time="2023-04-21T23:25:18+03:00" level=info msg="Gateway server shutting down" func="gateway/internal/app.Run()" file="app.go:82"
time="2023-04-21T23:25:18+03:00" level=error msg="error occured while running http server: http: Server closed" func="gateway/internal/app.Run.func1()" file="app.go:72"
time="2023-04-21T23:25:19+03:00" level=info msg="Starting Gateway..." func="gateway/internal/app.Run()" file="app.go:21"
time="2023-04-21T23:25:19+03:00" level=info msg="Starting server on port 8080..." func="gateway/internal/app.Run()" file="app.go:46"
time="2023-04-21T23:25:19+03:00" level=info msg="Gateway successfully started" func="gateway/internal/app.Run()" file="app.go:76"
time="2023-04-21T23:25:45+03:00" level=info msg="Gateway server shutting down" func="gateway/internal/app.Run()" file="app.go:82"
time="2023-04-21T23:25:46+03:00" level=info msg="Starting Gateway..." func="gateway/internal/app.Run()" file="app.go:21"
time="2023-04-21T23:25:46+03:00" level=info msg="Starting server on port 8080..." func="gateway/internal/app.Run()" file="app.go:46"
time="2023-04-21T23:25:46+03:00" level=info msg="Gateway successfully started" func="gateway/internal/app.Run()" file="app.go:76"
time="2023-04-21T23:30:28+03:00" level=info msg="Gateway server shutting down" func="gateway/internal/app.Run()" file="app.go:82"
time="2023-04-21T23:30:28+03:00" level=error msg="error occured while running http server: http: Server closed" func="gateway/internal/app.Run.func1()" file="app.go:72"
time="2023-04-21T23:30:30+03:00" level=info msg="Starting Gateway..." func="gateway/internal/app.Run()" file="app.go:21"
time="2023-04-21T23:30:30+03:00" level=info msg="Starting server on port 8080..." func="gateway/internal/app.Run()" file="app.go:46"
time="2023-04-21T23:30:30+03:00" level=info msg="Gateway successfully started" func="gateway/internal/app.Run()" file="app.go:76"
time="2023-04-21T23:30:30+03:00" level=info msg="Gateway server shutting down" func="gateway/internal/app.Run()" file="app.go:82"
time="2023-04-21T23:30:35+03:00" level=info msg="Starting Gateway..." func="gateway/internal/app.Run()" file="app.go:21"
time="2023-04-21T23:30:35+03:00" level=info msg="Starting server on port 8080..." func="gateway/internal/app.Run()" file="app.go:46"
time="2023-04-21T23:30:35+03:00" level=info msg="Gateway successfully started" func="gateway/internal/app.Run()" file="app.go:76"
time="2023-04-21T23:30:39+03:00" level=info msg="Gateway server shutting down" func="gateway/internal/app.Run()" file="app.go:82"
time="2023-04-21T23:30:39+03:00" level=error msg="error occured while running http server: http: Server closed" func="gateway/internal/app.Run.func1()" file="app.go:72"
time="2023-04-22T00:31:30+03:00" level=info msg="Starting Gateway..." func="gateway/internal/app.Run()" file="app.go:21"
time="2023-04-22T00:31:30+03:00" level=info msg="Starting server on port 8080..." func="gateway/internal/app.Run()" file="app.go:46"
time="2023-04-22T00:31:30+03:00" level=info msg="Gateway successfully started" func="gateway/internal/app.Run()" file="app.go:76"
time="2023-04-22T00:34:31+03:00" level=info msg="Gateway server shutting down" func="gateway/internal/app.Run()" file="app.go:82"
time="2023-04-22T00:34:33+03:00" level=info msg="Starting Gateway..." func="gateway/internal/app.Run()" file="app.go:21"
time="2023-04-22T00:34:33+03:00" level=info msg="Starting server on port 8080..." func="gateway/internal/app.Run()" file="app.go:46"
time="2023-04-22T00:34:33+03:00" level=info msg="Gateway successfully started" func="gateway/internal/app.Run()" file="app.go:76"
time="2023-04-22T00:48:55+03:00" level=info msg="Gateway server shutting down" func="gateway/internal/app.Run()" file="app.go:82"
time="2023-04-22T00:48:57+03:00" level=info msg="Starting Gateway..." func="gateway/internal/app.Run()" file="app.go:21"
time="2023-04-22T00:48:57+03:00" level=info msg="Starting server on port 8080..." func="gateway/internal/app.Run()" file="app.go:46"
time="2023-04-22T00:48:57+03:00" level=info msg="Gateway successfully started" func="gateway/internal/app.Run()" file="app.go:76"
time="2023-04-22T01:08:33+03:00" level=info msg="Gateway server shutting down" func="gateway/internal/app.Run()" file="app.go:82"
time="2023-04-22T01:08:35+03:00" level=info msg="Starting Gateway..." func="gateway/internal/app.Run()" file="app.go:21"
time="2023-04-22T01:08:44+03:00" level=info msg="Starting Gateway..." func="gateway/internal/app.Run()" file="app.go:21"
time="2023-04-22T01:08:51+03:00" level=info msg="Starting Gateway..." func="gateway/internal/app.Run()" file="app.go:21"
time="2023-04-22T01:08:51+03:00" level=info msg="Starting server on port 8080..." func="gateway/internal/app.Run()" file="app.go:46"
time="2023-04-22T01:08:51+03:00" level=info msg="Gateway successfully started" func="gateway/internal/app.Run()" file="app.go:76"
time="2023-04-22T01:15:33+03:00" level=info msg="Gateway server shutting down" func="gateway/internal/app.Run()" file="app.go:82"
time="2023-04-22T01:15:33+03:00" level=error msg="error occured while running http server: http: Server closed" func="gateway/internal/app.Run.func1()" file="app.go:72"
time="2023-04-22T01:15:34+03:00" level=info msg="Starting Gateway..." func="gateway/internal/app.Run()" file="app.go:21"
time="2023-04-22T01:15:34+03:00" level=info msg="Starting server on port 8080..." func="gateway/internal/app.Run()" file="app.go:46"
time="2023-04-22T01:15:34+03:00" level=info msg="Gateway successfully started" func="gateway/internal/app.Run()" file="app.go:76"
time="2023-04-22T01:18:29+03:00" level=info msg="Gateway server shutting down" func="gateway/internal/app.Run()" file="app.go:82"
time="2023-04-22T01:18:29+03:00" level=error msg="error occured while running http server: http: Server closed" func="gateway/internal/app.Run.func1()" file="app.go:72"
time="2023-04-22T01:18:31+03:00" level=info msg="Starting Gateway..." func="gateway/internal/app.Run()" file="app.go:21"
time="2023-04-22T01:18:31+03:00" level=info msg="Starting server on port 8080..." func="gateway/internal/app.Run()" file="app.go:46"
time="2023-04-22T01:18:31+03:00" level=info msg="Gateway successfully started" func="gateway/internal/app.Run()" file="app.go:76"
time="2023-04-22T01:19:22+03:00" level=info msg="Gateway server shutting down" func="gateway/internal/app.Run()" file="app.go:82"
time="2023-04-22T01:19:22+03:00" level=error msg="error occured while running http server: http: Server closed" func="gateway/internal/app.Run.func1()" file="app.go:72"
time="2023-04-22T01:19:24+03:00" level=info msg="Starting Gateway..." func="gateway/internal/app.Run()" file="app.go:21"
time="2023-04-22T01:19:24+03:00" level=info msg="Starting server on port 8080..." func="gateway/internal/app.Run()" file="app.go:46"
time="2023-04-22T01:19:24+03:00" level=info msg="Gateway successfully started" func="gateway/internal/app.Run()" file="app.go:76"
time="2023-04-22T01:21:09+03:00" level=info msg="Gateway server shutting down" func="gateway/internal/app.Run()" file="app.go:82"
time="2023-04-22T01:21:09+03:00" level=error msg="error occured while running http server: http: Server closed" func="gateway/internal/app.Run.func1()" file="app.go:72"
time="2023-04-22T01:21:10+03:00" level=info msg="Starting Gateway..." func="gateway/internal/app.Run()" file="app.go:21"
time="2023-04-22T01:21:10+03:00" level=info msg="Starting server on port 8080..." func="gateway/internal/app.Run()" file="app.go:46"
time="2023-04-22T01:21:10+03:00" level=info msg="Gateway successfully started" func="gateway/internal/app.Run()" file="app.go:76"
time="2023-04-22T01:22:21+03:00" level=info msg="Gateway server shutting down" func="gateway/internal/app.Run()" file="app.go:82"
time="2023-04-22T01:22:21+03:00" level=error msg="error occured while running http server: http: Server closed" func="gateway/internal/app.Run.func1()" file="app.go:72"
time="2023-04-22T01:22:23+03:00" level=info msg="Starting Gateway..." func="gateway/internal/app.Run()" file="app.go:21"
time="2023-04-22T01:22:23+03:00" level=info msg="Starting server on port 8080..." func="gateway/internal/app.Run()" file="app.go:46"
time="2023-04-22T01:22:23+03:00" level=info msg="Gateway successfully started" func="gateway/internal/app.Run()" file="app.go:76"
time="2023-04-22T01:24:08+03:00" level=info msg="Gateway server shutting down" func="gateway/internal/app.Run()" file="app.go:82"
time="2023-04-22T01:24:08+03:00" level=error msg="error occured while running http server: http: Server closed" func="gateway/internal/app.Run.func1()" file="app.go:72"
time="2023-04-22T01:24:10+03:00" level=info msg="Starting Gateway..." func="gateway/internal/app.Run()" file="app.go:21"
time="2023-04-22T01:24:10+03:00" level=info msg="Starting server on port 8080..." func="gateway/internal/app.Run()" file="app.go:46"
time="2023-04-22T01:24:10+03:00" level=info msg="Gateway successfully started" func="gateway/internal/app.Run()" file="app.go:76"
time="2023-04-22T16:22:52+03:00" level=info msg="Gateway server shutting down" func="gateway/internal/app.Run()" file="app.go:82"
time="2023-04-22T16:22:54+03:00" level=info msg="Starting Gateway..." func="gateway/internal/app.Run()" file="app.go:21"
time="2023-04-22T16:22:54+03:00" level=info msg="Starting server on port 8080..." func="gateway/internal/app.Run()" file="app.go:46"
time="2023-04-22T16:22:54+03:00" level=info msg="Gateway successfully started" func="gateway/internal/app.Run()" file="app.go:76"
time="2023-04-22T16:47:38+03:00" level=info msg="Gateway server shutting down" func="gateway/internal/app.Run()" file="app.go:82"
time="2023-04-22T16:47:38+03:00" level=error msg="error occured while running http server: http: Server closed" func="gateway/internal/app.Run.func1()" file="app.go:72"
time="2023-04-22T16:47:39+03:00" level=info msg="Starting Gateway..." func="gateway/internal/app.Run()" file="app.go:21"
time="2023-04-22T16:47:39+03:00" level=info msg="Starting server on port 8080..." func="gateway/internal/app.Run()" file="app.go:46"
time="2023-04-22T16:47:39+03:00" level=info msg="Gateway successfully started" func="gateway/internal/app.Run()" file="app.go:76"
time="2023-04-22T16:48:00+03:00" level=info msg="Gateway server shutting down" func="gateway/internal/app.Run()" file="app.go:82"
time="2023-04-22T16:48:01+03:00" level=info msg="Starting Gateway..." func="gateway/internal/app.Run()" file="app.go:21"
time="2023-04-22T16:48:01+03:00" level=info msg="Starting server on port 8080..." func="gateway/internal/app.Run()" file="app.go:46"
time="2023-04-22T16:48:01+03:00" level=info msg="Gateway successfully started" func="gateway/internal/app.Run()" file="app.go:76"
time="2023-04-22T16:48:13+03:00" level=info msg="Gateway server shutting down" func="gateway/internal/app.Run()" file="app.go:82"
time="2023-04-22T16:48:13+03:00" level=error msg="error occured while running http server: http: Server closed" func="gateway/internal/app.Run.func1()" file="app.go:72"
time="2023-04-22T16:48:14+03:00" level=info msg="Starting Gateway..." func="gateway/internal/app.Run()" file="app.go:21"
time="2023-04-22T16:48:14+03:00" level=info msg="Starting server on port 8080..." func="gateway/internal/app.Run()" file="app.go:46"
time="2023-04-22T16:48:14+03:00" level=info msg="Gateway successfully started" func="gateway/internal/app.Run()" file="app.go:76"
time="2023-04-22T16:48:39+03:00" level=info msg="Gateway server shutting down" func="gateway/internal/app.Run()" file="app.go:82"
time="2023-04-22T16:48:40+03:00" level=info msg="Starting Gateway..." func="gateway/internal/app.Run()" file="app.go:21"
time="2023-04-22T16:48:40+03:00" level=info msg="Starting server on port 8080..." func="gateway/internal/app.Run()" file="app.go:46"
time="2023-04-22T16:48:40+03:00" level=info msg="Gateway successfully started" func="gateway/internal/app.Run()" file="app.go:76"
time="2023-04-22T16:48:51+03:00" level=info msg="Gateway server shutting down" func="gateway/internal/app.Run()" file="app.go:82"
time="2023-04-22T16:48:51+03:00" level=error msg="error occured while running http server: http: Server closed" func="gateway/internal/app.Run.func1()" file="app.go:72"
time="2023-04-22T16:48:53+03:00" level=info msg="Starting Gateway..." func="gateway/internal/app.Run()" file="app.go:21"
time="2023-04-22T16:48:53+03:00" level=info msg="Starting server on port 8080..." func="gateway/internal/app.Run()" file="app.go:46"
time="2023-04-22T16:48:53+03:00" level=info msg="Gateway successfully started" func="gateway/internal/app.Run()" file="app.go:76"
time="2023-04-22T16:49:02+03:00" level=info msg="Gateway server shutting down" func="gateway/internal/app.Run()" file="app.go:82"
time="2023-04-22T16:49:02+03:00" level=error msg="error occured while running http server: http: Server closed" func="gateway/internal/app.Run.func1()" file="app.go:72"
time="2023-04-22T16:49:03+03:00" level=info msg="Starting Gateway..." func="gateway/internal/app.Run()" file="app.go:21"
time="2023-04-22T16:49:03+03:00" level=info msg="Starting server on port 8080..." func="gateway/internal/app.Run()" file="app.go:46"
time="2023-04-22T16:49:03+03:00" level=info msg="Gateway successfully started" func="gateway/internal/app.Run()" file="app.go:76"
time="2023-04-22T16:49:05+03:00" level=info msg="Gateway server shutting down" func="gateway/internal/app.Run()" file="app.go:82"
time="2023-04-22T16:49:18+03:00" level=info msg="Starting Gateway..." func="gateway/internal/app.Run()" file="app.go:21"
time="2023-04-22T16:49:18+03:00" level=info msg="Starting server on port 8080..." func="gateway/internal/app.Run()" file="app.go:46"
time="2023-04-22T16:49:18+03:00" level=info msg="Gateway successfully started" func="gateway/internal/app.Run()" file="app.go:76"
time="2023-04-22T16:50:15+03:00" level=info msg="Gateway server shutting down" func="gateway/internal/app.Run()" file="app.go:82"
time="2023-04-22T16:50:15+03:00" level=error msg="error occured while running http server: http: Server closed" func="gateway/internal/app.Run.func1()" file="app.go:72"
time="2023-04-22T16:50:16+03:00" level=info msg="Starting Gateway..." func="gateway/internal/app.Run()" file="app.go:21"
time="2023-04-22T16:50:16+03:00" level=info msg="Starting server on port 8080..." func="gateway/internal/app.Run()" file="app.go:46"
time="2023-04-22T16:50:16+03:00" level=info msg="Gateway successfully started" func="gateway/internal/app.Run()" file="app.go:76"
time="2023-04-22T16:50:28+03:00" level=info msg="Gateway server shutting down" func="gateway/internal/app.Run()" file="app.go:82"
time="2023-04-22T16:50:28+03:00" level=error msg="error occured while running http server: http: Server closed" func="gateway/internal/app.Run.func1()" file="app.go:72"
time="2023-04-22T16:50:29+03:00" level=info msg="Starting Gateway..." func="gateway/internal/app.Run()" file="app.go:21"
time="2023-04-22T16:50:29+03:00" level=info msg="Starting server on port 8080..." func="gateway/internal/app.Run()" file="app.go:46"
time="2023-04-22T16:50:29+03:00" level=info msg="Gateway successfully started" func="gateway/internal/app.Run()" file="app.go:76"
time="2023-04-22T17:01:07+03:00" level=info msg="Gateway server shutting down" func="gateway/internal/app.Run()" file="app.go:82"
time="2023-04-22T17:01:07+03:00" level=error msg="error occured while running http server: http: Server closed" func="gateway/internal/app.Run.func1()" file="app.go:72"
time="2023-04-22T17:01:09+03:00" level=info msg="Starting Gateway..." func="gateway/internal/app.Run()" file="app.go:21"
time="2023-04-22T17:01:09+03:00" level=info msg="Starting server on port 8080..." func="gateway/internal/app.Run()" file="app.go:46"
time="2023-04-22T17:01:09+03:00" level=info msg="Gateway successfully started" func="gateway/internal/app.Run()" file="app.go:76"
time="2023-04-22T17:02:03+03:00" level=info msg="Gateway server shutting down" func="gateway/internal/app.Run()" file="app.go:82"
time="2023-04-22T17:02:03+03:00" level=error msg="error occured while running http server: http: Server closed" func="gateway/internal/app.Run.func1()" file="app.go:72"
time="2023-04-22T17:04:25+03:00" level=info msg="Starting Gateway..." func="gateway/internal/app.Run()" file="app.go:21"
time="2023-04-22T17:04:25+03:00" level=info msg="Starting server on port 8080..." func="gateway/internal/app.Run()" file="app.go:46"
time="2023-04-22T17:04:25+03:00" level=info msg="Gateway successfully started" func="gateway/internal/app.Run()" file="app.go:76"
time="2023-04-22T17:11:49+03:00" level=info msg="Gateway server shutting down" func="gateway/internal/app.Run()" file="app.go:82"
time="2023-04-22T17:11:49+03:00" level=error msg="error occured while running http server: http: Server closed" func="gateway/internal/app.Run.func1()" file="app.go:72"
